[1115/112320:ERROR:renderer_main.cc(203)] Running without renderer sandbox
[1115/112321:ERROR:child_discardable_shared_memory_manager.cc(266)] size: 4194304
[1115/112322:INFO:CONSOLE(206)] "Uncaught TypeError: Cannot read property 'permission' of undefined", source: http://mat1.gtimg.com/www/chrometips/notification2017_v0118.js (206)
[1115/112331:ERROR:child_discardable_shared_memory_manager.cc(266)] size: 4194304
[1115/112340:ERROR:child_discardable_shared_memory_manager.cc(266)] size: 4194304
[1115/112349:ERROR:child_discardable_shared_memory_manager.cc(266)] size: 4194304
[1115/112352:ERROR:child_discardable_shared_memory_manager.cc(266)] size: 4194304
[1115/112358:ERROR:audio_low_latency_output_win.cc(181)] Bailing out due to non-perfect timing.  Buffer size of 480 is not an even divisor of 1056
[1115/112426:INFO:CONSOLE(206)] "Uncaught TypeError: Cannot read property 'permission' of undefined", source: http://mat1.gtimg.com/www/chrometips/notification2017_v0118.js (206)
[1115/112432:ERROR:child_discardable_shared_memory_manager.cc(266)] size: 4194304
[1115/112437:ERROR:child_discardable_shared_memory_manager.cc(266)] size: 4194304
[1115/112439:INFO:CONSOLE(450)] "Uncaught TypeError: Cannot read property 'NaN' of undefined", source: http://mat1.gtimg.com/pingjs/ext2020/dc/module/mask.js (450)
[1115/112439:INFO:CONSOLE(450)] "Uncaught TypeError: Cannot read property 'NaN' of undefined", source: http://mat1.gtimg.com/pingjs/ext2020/dc/module/mask.js (450)
[1115/112528:INFO:CONSOLE(0)] "Mixed Content: The page at 'https://a1.alicdn.com/creation/html/2016/06/20/creation-245057E3sJ6U0UZ8D-2830683.html?tanxdspv=https%3a%2f%2frdstat.tanx.com%2ftrd%3ff%3d%26k%3da09e279ad7f7a12a%26p%3dmm_26051537_2367569_9275045%26pvid%3d0a672a0f00005a0bb334155900bce015%26s%3d300x250%26d%3d0%26t%3d1510716212&pid=mm_26051537_2367569_9275045&tp=5&tsid=0a672a0f00005a0bb334155900bce015&pid=mm_26051537_2367569_9275045' was loaded over HTTPS, but requested an insecure image 'http://gtms03.alicdn.com/tps/i3/TB1rVYNKXXXXXaKXVXXvBLt6FXX-230-230.png'. This content should also be served over HTTPS.", source: https://a1.alicdn.com/creation/html/2016/06/20/creation-245057E3sJ6U0UZ8D-2830683.html?tanxdspv=https%3a%2f%2frdstat.tanx.com%2ftrd%3ff%3d%26k%3da09e279ad7f7a12a%26p%3dmm_26051537_2367569_9275045%26pvid%3d0a672a0f00005a0bb334155900bce015%26s%3d300x250%26d%3d0%26t%3d1510716212&pid=mm_26051537_2367569_9275045&tp=5&tsid=0a672a0f00005a0bb334155900bce015&pid=mm_26051537_2367569_9275045 (0)
[1115/112553:INFO:CONSOLE(0)] "Mixed Content: The page at 'https://a1.alicdn.com/creation/html/2016/06/20/creation-245057E3sJ6U0UZ8D-2830683.html?tanxdspv=https%3a%2f%2frdstat.tanx.com%2ftrd%3ff%3d%26k%3da09e279ad7f7a12a%26p%3dmm_26051537_2367569_9275045%26pvid%3d0a672a0f00005a0bb334155900bce015%26s%3d300x250%26d%3d0%26t%3d1510716212&pid=mm_26051537_2367569_9275045&tp=5&tsid=0a672a0f00005a0bb334155900bce015&pid=mm_26051537_2367569_9275045' was loaded over HTTPS, but requested an insecure image 'http://gtms03.alicdn.com/tps/i3/TB1rVYNKXXXXXaKXVXXvBLt6FXX-230-230.png_250x250.jpg_.webp'. This content should also be served over HTTPS.", source: https://a1.alicdn.com/creation/html/2016/06/20/creation-245057E3sJ6U0UZ8D-2830683.html?tanxdspv=https%3a%2f%2frdstat.tanx.com%2ftrd%3ff%3d%26k%3da09e279ad7f7a12a%26p%3dmm_26051537_2367569_9275045%26pvid%3d0a672a0f00005a0bb334155900bce015%26s%3d300x250%26d%3d0%26t%3d1510716212&pid=mm_26051537_2367569_9275045&tp=5&tsid=0a672a0f00005a0bb334155900bce015&pid=mm_26051537_2367569_9275045 (0)
[1115/112600:ERROR:child_discardable_shared_memory_manager.cc(266)] size: 4194304
[1115/112607:ERROR:child_discardable_shared_memory_manager.cc(266)] size: 4194304
[1115/112709:ERROR:renderer_main.cc(203)] Running without renderer sandbox
[1115/112709:ERROR:child_discardable_shared_memory_manager.cc(266)] size: 4194304
[1115/112709:INFO:CONSOLE(206)] "Uncaught TypeError: Cannot read property 'permission' of undefined", source: http://mat1.gtimg.com/www/chrometips/notification2017_v0118.js (206)
[1115/112710:ERROR:ssl_client_socket_openssl.cc(1014)] handshake failed; returned -1, SSL error code 1, net_error -103
[1115/112714:ERROR:child_discardable_shared_memory_manager.cc(266)] size: 4194304
[1115/112714:ERROR:child_discardable_shared_memory_manager.cc(266)] size: 4194304
[1115/112714:ERROR:child_discardable_shared_memory_manager.cc(266)] size: 4194304
[1115/112719:WARNING:content_browser_client.cc(537)] No browser info matching frame process id 3 and routing id 5
[1115/112719:WARNING:content_browser_client.cc(537)] No browser info matching frame process id 3 and routing id 5
[1115/112723:INFO:CONSOLE(206)] "Uncaught TypeError: Cannot read property 'permission' of undefined", source: http://mat1.gtimg.com/www/chrometips/notification2017_v0118.js (206)
[1115/112745:ERROR:child_discardable_shared_memory_manager.cc(266)] size: 4194304
[1115/112748:ERROR:child_discardable_shared_memory_manager.cc(266)] size: 4194304
[1115/112832:ERROR:renderer_main.cc(203)] Running without renderer sandbox
[1115/112832:INFO:CONSOLE(6)] "The key "target-densitydpi" is not supported.", source: http://zj.qq.com/?pgv_ref=aio2015&ptlang=2052 (6)
[1115/112832:ERROR:child_discardable_shared_memory_manager.cc(266)] size: 4194304
[1115/112835:ERROR:child_discardable_shared_memory_manager.cc(266)] size: 4194304
[1115/112837:ERROR:child_discardable_shared_memory_manager.cc(266)] size: 4194304
